<?xml version="1.0" encoding="UTF-8"?>
<testsuite xmlns:xsi="http://www.w3.org/2001/XMLSchema-instance" xsi:noNamespaceSchemaLocation="https://maven.apache.org/surefire/maven-surefire-plugin/xsd/surefire-test-report-3.0.xsd" version="3.0" name="UserServiceTest" time="1.241" tests="6" errors="0" skipped="0" failures="0">
  <properties>
[...]
</properties>
  <testcase name="saveUser" classname="UserServiceTest" time="0.686">
    <system-out><![CDATA[Пользователь добавлен с номером: 1
User{id=1, name='Ivan', lastName='Ivanov', age=5}
]]></system-out>
  </testcase>
  <testcase name="removeUserById" classname="UserServiceTest" time="0.141">
    <system-out><![CDATA[Пользователь добавлен с номером: 1
]]></system-out>
  </testcase>
  <testcase name="getAllUsers" classname="UserServiceTest" time="0.147">
    <system-out><![CDATA[Пользователь добавлен с номером: 1
User{id=1, name='Ivan', lastName='Ivanov', age=5}
]]></system-out>
  </testcase>
  <testcase name="dropUsersTable" classname="UserServiceTest" time="0.04"/>
  <testcase name="createUsersTable" classname="UserServiceTest" time="0.05"/>
  <testcase name="cleanUsersTable" classname="UserServiceTest" time="0.124">
    <system-out><![CDATA[Пользователь добавлен с номером: 1
]]></system-out>
  </testcase>
</testsuite>